<?xml version="1.0" encoding="UTF-8"?>
<testng-results skipped="0" failed="0" ignored="2" total="5" passed="3">
  <reporter-output>
    <line>
      <![CDATA[[[ChromeDriver: chrome on XP (04d18b2bc82d6369ffb930837aa0ce91)] -> xpath: //*[text()='ADD TO CART']]: Loaded successfully]]>
    </line>
    <line>
      <![CDATA[[[ChromeDriver: chrome on XP (04d18b2bc82d6369ffb930837aa0ce91)] -> xpath: //div[@class='_1Ox9a7']/a]: Loaded successfully]]>
    </line>
    <line>
      <![CDATA[Passed : Actual Text:= [Canon EOS 1300D DSLR Camera Body with Single Lens: EF-S 18-55 IS II (16 GB SD Card + Carry Case)] Expected Text:= [Canon EOS 1300D DSLR Camera Body with Single Lens: EF-S 18-55 IS II (16 GB SD Card + Carry Case)]]]>
    </line>
    <line>
      <![CDATA[[[ChromeDriver: chrome on XP (04d18b2bc82d6369ffb930837aa0ce91)] -> xpath: //div[text()='Total Payable']/span]: Loaded successfully]]>
    </line>
    <line>
      <![CDATA[Passed : Actual Text:= [₹21,999] Expected Text:= [₹21,999]]]>
    </line>
    <line>
      <![CDATA[[[ChromeDriver: chrome on XP (04d18b2bc82d6369ffb930837aa0ce91)] -> xpath: //span[text()='Place Order']]: Loaded successfully]]>
    </line>
    <line>
      <![CDATA[[[ChromeDriver: chrome on XP (04d18b2bc82d6369ffb930837aa0ce91)] -> xpath: //span[text()='Remove']]: Loaded successfully]]>
    </line>
    <line>
      <![CDATA[[[ChromeDriver: chrome on XP (6a9bf2bf8f9f7aa5563ff3a6d0399bcc)] -> xpath: //div[text()='My Account']]: Loaded successfully]]>
    </line>
  </reporter-output>
  <suite name="Suite" duration-ms="245464" started-at="2019-07-16T16:33:07Z" finished-at="2019-07-16T16:37:13Z">
    <groups>
    </groups>
    <test name="Test" duration-ms="245464" started-at="2019-07-16T16:33:07Z" finished-at="2019-07-16T16:37:13Z">
      <class name="com.wipro.telstra.automationFW.testCases.AddToCartPageTest">
        <test-method status="PASS" signature="openBrowser()[pri:0, instance:com.wipro.telstra.automationFW.testCases.AddToCartPageTest@2b98378d]" name="openBrowser" is-config="true" duration-ms="38595" started-at="2019-07-16T22:03:08Z" finished-at="2019-07-16T22:03:46Z">
          <reporter-output>
          </reporter-output>
        </test-method> <!-- openBrowser -->
        <test-method status="PASS" signature="addToCartNew()[pri:0, instance:com.wipro.telstra.automationFW.testCases.AddToCartPageTest@2b98378d]" name="addToCartNew" duration-ms="49715" started-at="2019-07-16T22:03:46Z" finished-at="2019-07-16T22:04:36Z">
          <reporter-output>
            <line>
              <![CDATA[[[ChromeDriver: chrome on XP (04d18b2bc82d6369ffb930837aa0ce91)] -> xpath: //*[text()='ADD TO CART']]: Loaded successfully]]>
            </line>
            <line>
              <![CDATA[[[ChromeDriver: chrome on XP (04d18b2bc82d6369ffb930837aa0ce91)] -> xpath: //div[@class='_1Ox9a7']/a]: Loaded successfully]]>
            </line>
            <line>
              <![CDATA[Passed : Actual Text:= [Canon EOS 1300D DSLR Camera Body with Single Lens: EF-S 18-55 IS II (16 GB SD Card + Carry Case)] Expected Text:= [Canon EOS 1300D DSLR Camera Body with Single Lens: EF-S 18-55 IS II (16 GB SD Card + Carry Case)]]]>
            </line>
            <line>
              <![CDATA[[[ChromeDriver: chrome on XP (04d18b2bc82d6369ffb930837aa0ce91)] -> xpath: //div[text()='Total Payable']/span]: Loaded successfully]]>
            </line>
            <line>
              <![CDATA[Passed : Actual Text:= [₹21,999] Expected Text:= [₹21,999]]]>
            </line>
            <line>
              <![CDATA[[[ChromeDriver: chrome on XP (04d18b2bc82d6369ffb930837aa0ce91)] -> xpath: //span[text()='Place Order']]: Loaded successfully]]>
            </line>
            <line>
              <![CDATA[[[ChromeDriver: chrome on XP (04d18b2bc82d6369ffb930837aa0ce91)] -> xpath: //span[text()='Remove']]: Loaded successfully]]>
            </line>
          </reporter-output>
        </test-method> <!-- addToCartNew -->
        <test-method status="PASS" signature="tear()[pri:0, instance:com.wipro.telstra.automationFW.testCases.AddToCartPageTest@2b98378d]" name="tear" is-config="true" duration-ms="2043" started-at="2019-07-16T22:04:36Z" finished-at="2019-07-16T22:04:38Z">
          <reporter-output>
          </reporter-output>
        </test-method> <!-- tear -->
        <test-method status="PASS" signature="createReport()[pri:0, instance:com.wipro.telstra.automationFW.testCases.AddToCartPageTest@2b98378d]" name="createReport" is-config="true" duration-ms="8" started-at="2019-07-16T22:07:13Z" finished-at="2019-07-16T22:07:13Z">
          <reporter-output>
          </reporter-output>
        </test-method> <!-- createReport -->
      </class> <!-- com.wipro.telstra.automationFW.testCases.AddToCartPageTest -->
      <class name="com.wipro.telstra.automationFW.testCases.LoginPageTest">
        <test-method status="PASS" signature="openBrowser()[pri:0, instance:com.wipro.telstra.automationFW.testCases.LoginPageTest@475530b9]" name="openBrowser" is-config="true" duration-ms="103873" started-at="2019-07-16T22:04:38Z" finished-at="2019-07-16T22:06:22Z">
          <reporter-output>
          </reporter-output>
        </test-method> <!-- openBrowser -->
        <test-method status="PASS" signature="login()[pri:0, instance:com.wipro.telstra.automationFW.testCases.LoginPageTest@475530b9]" name="login" duration-ms="5905" started-at="2019-07-16T22:06:22Z" finished-at="2019-07-16T22:06:28Z">
          <reporter-output>
            <line>
              <![CDATA[[[ChromeDriver: chrome on XP (6a9bf2bf8f9f7aa5563ff3a6d0399bcc)] -> xpath: //div[text()='My Account']]: Loaded successfully]]>
            </line>
          </reporter-output>
        </test-method> <!-- login -->
        <test-method status="PASS" signature="tear()[pri:0, instance:com.wipro.telstra.automationFW.testCases.LoginPageTest@475530b9]" name="tear" is-config="true" duration-ms="1822" started-at="2019-07-16T22:06:28Z" finished-at="2019-07-16T22:06:30Z">
          <reporter-output>
          </reporter-output>
        </test-method> <!-- tear -->
      </class> <!-- com.wipro.telstra.automationFW.testCases.LoginPageTest -->
      <class name="com.wipro.telstra.automationFW.testCases.SearchPageTest">
        <test-method status="PASS" signature="openBrowser()[pri:0, instance:com.wipro.telstra.automationFW.testCases.SearchPageTest@1d057a39]" name="openBrowser" is-config="true" duration-ms="32777" started-at="2019-07-16T22:06:30Z" finished-at="2019-07-16T22:07:02Z">
          <reporter-output>
          </reporter-output>
        </test-method> <!-- openBrowser -->
        <test-method status="PASS" signature="searchItems()[pri:0, instance:com.wipro.telstra.automationFW.testCases.SearchPageTest@1d057a39]" name="searchItems" duration-ms="8853" started-at="2019-07-16T22:07:02Z" finished-at="2019-07-16T22:07:11Z">
          <reporter-output>
          </reporter-output>
        </test-method> <!-- searchItems -->
        <test-method status="PASS" signature="tear()[pri:0, instance:com.wipro.telstra.automationFW.testCases.SearchPageTest@1d057a39]" name="tear" is-config="true" duration-ms="1803" started-at="2019-07-16T22:07:11Z" finished-at="2019-07-16T22:07:13Z">
          <reporter-output>
          </reporter-output>
        </test-method> <!-- tear -->
      </class> <!-- com.wipro.telstra.automationFW.testCases.SearchPageTest -->
    </test> <!-- Test -->
  </suite> <!-- Suite -->
</testng-results>
