<?xml version="1.0" encoding="UTF-8"?>
<!-- Generated by org.testng.reporters.JUnitXMLReporter -->
<testsuite hostname="L-285000932" ignored="2" name="Test" tests="3" failures="0" timestamp="16 Jul 2019 16:37:13 GMT" time="245.464" errors="0">
  <testcase name="addToCartNew" time="49.715" classname="com.wipro.telstra.automationFW.testCases.AddToCartPageTest"/>
  <testcase name="login" time="5.905" classname="com.wipro.telstra.automationFW.testCases.LoginPageTest"/>
  <testcase name="searchItems" time="8.853" classname="com.wipro.telstra.automationFW.testCases.SearchPageTest"/>
  <testcase name="@AfterSuite createReport" time="0.0" classname="com.wipro.telstra.automationFW.setUp.BaseTestPage">
    <ignored/>
  </testcase> <!-- @AfterSuite createReport -->
  <testcase name="@AfterSuite createReport" time="0.0" classname="com.wipro.telstra.automationFW.setUp.BaseTestPage">
    <ignored/>
  </testcase> <!-- @AfterSuite createReport -->
</testsuite> <!-- Test -->
